[ 2025-04-11 16:54:12,768 ] 20 root - INFO - Initiate the data ingestion
[ 2025-04-11 16:54:16,741 ] 73 root - INFO - Performed train test split on the dataframe
[ 2025-04-11 16:54:16,741 ] 75 root - INFO - Exited split_data_as_train_test method of Data_Ingestion class
[ 2025-04-11 16:54:16,741 ] 83 root - INFO - Exporting train and test file path.
[ 2025-04-11 16:54:16,812 ] 92 root - INFO - Exported train and test file path.
[ 2025-04-11 16:54:16,813 ] 22 root - INFO - Data Initiation Completed
[ 2025-04-11 16:54:16,823 ] 26 root - INFO - Initiate the data Validation
[ 2025-04-11 16:54:16,853 ] 33 root - INFO - Required number of columns: 2
[ 2025-04-11 16:54:16,854 ] 34 root - INFO - Data frame has columns: 31
[ 2025-04-11 16:54:16,854 ] 33 root - INFO - Required number of columns: 2
[ 2025-04-11 16:54:16,854 ] 34 root - INFO - Data frame has columns: 31
[ 2025-04-11 16:54:17,187 ] 28 root - INFO - data Validation Completed
[ 2025-04-11 16:54:17,187 ] 31 root - INFO - data Transformation started
[ 2025-04-11 16:54:17,187 ] 62 root - INFO - Entered initiate_data_transformation method of DataTransformation class
[ 2025-04-11 16:54:17,187 ] 64 root - INFO - Starting data transformation
[ 2025-04-11 16:54:17,212 ] 48 root - INFO - Entered get_data_trnasformer_object method of Trnasformation class
[ 2025-04-11 16:54:17,213 ] 53 root - INFO - Initialise KNNImputer with {'missing_values': nan, 'n_neighbors': 3, 'weights': 'uniform'}
[ 2025-04-11 16:54:17,239 ] 46 root - INFO - Entered the save_object method of MainUtils class
[ 2025-04-11 16:54:17,242 ] 50 root - INFO - Exited the save_object method of MainUtils class
[ 2025-04-11 16:54:17,244 ] 35 root - INFO - data Transformation completed
[ 2025-04-11 16:54:17,244 ] 37 root - INFO - Model Training sstared
[ 2025-04-11 16:57:35,331 ] 119 root - INFO - Model: RandomForestClassifier, Metrics: ClassificationMetricArtifact(f1_score=0.9922465008559057, precision_score=0.9903517587939699, recall_score=0.9941485068603713)
[ 2025-04-11 16:57:35,394 ] 119 root - INFO - Model: RandomForestClassifier, Metrics: ClassificationMetricArtifact(f1_score=0.9700451374640952, precision_score=0.9563106796116505, recall_score=0.984179850124896)
[ 2025-04-11 16:57:35,397 ] 46 root - INFO - Entered the save_object method of MainUtils class
[ 2025-04-11 16:57:35,398 ] 50 root - INFO - Exited the save_object method of MainUtils class
[ 2025-04-11 16:57:35,398 ] 113 root - INFO - Model trainer artifact: ModelTrainerArtifact(trained_model_file_path='Artifacts\\04_11_2025_16_54_09\\model_trainer\\trained_model\\model.pkl', train_metric_artifact=ClassificationMetricArtifact(f1_score=0.9922465008559057, precision_score=0.9903517587939699, recall_score=0.9941485068603713), test_metric_artifact=ClassificationMetricArtifact(f1_score=0.9700451374640952, precision_score=0.9563106796116505, recall_score=0.984179850124896))
[ 2025-04-11 16:57:35,403 ] 42 root - INFO - Model Training artifact created
